<?xml version="1.0" encoding="UTF-8"?>
<!-- Generated by org.testng.reporters.JUnitReportReporter -->
<testsuite hostname="SreeLaptop" failures="0" tests="1" name="rahulsheetyacademy.Test.LoginErrorValidationTest" time="5.739" errors="0" timestamp="2024-08-26T14:48:49 GMT-04:00" skipped="0">
  <testcase classname="rahulsheetyacademy.Test.LoginErrorValidationTest" name="loginErrorValidation" time="5.739"/>
</testsuite> <!-- rahulsheetyacademy.Test.LoginErrorValidationTest -->
