<?xml version="1.0" encoding="UTF-8"?>
<!-- Generated by org.testng.reporters.JUnitReportReporter -->
<testsuite hostname="SreeLaptop" failures="0" tests="1" name="rahulsheetyacademy.Test.SubmitOrderTest" time="19.245" errors="0" timestamp="2024-08-26T15:34:02 GMT-04:00" skipped="0">
  <testcase classname="rahulsheetyacademy.Test.SubmitOrderTest" name="submitorder" time="19.245"/>
</testsuite> <!-- rahulsheetyacademy.Test.SubmitOrderTest -->
